SCALE:                          11
edgefactor:                     32
NBFS:                           64
graph_generation:               0.022392
num_mpi_processes:              4
construction_time:              0.00437427
bfs  min_time:                  3.17097e-05
bfs  firstquartile_time:        0.000987053
bfs  median_time:               0.000997424
bfs  thirdquartile_time:        0.00100887
bfs  max_time:                  0.00104141
bfs  mean_time:                 0.000984754
bfs  stddev_time:               0.000122044
min_nedge:                      1
firstquartile_nedge:            65198
median_nedge:                   65198
thirdquartile_nedge:            65198
max_nedge:                      65198
mean_nedge:                     64179.296875
stddev_nedge:                   8149.625
bfs  min_TEPS:                  31536.1
bfs  firstquartile_TEPS:        6.46096e+07
bfs  median_TEPS:               6.52883e+07
bfs  thirdquartile_TEPS:        6.60372e+07
bfs  max_TEPS:                  6.68117e+07
bfs  harmonic_mean_TEPS:     !  1.95863e+06
bfs  harmonic_stddev_TEPS:      1.91482e+06
bfs  min_validate:              0.00124216
bfs  firstquartile_validate:    0.00236392
bfs  median_validate:           0.00238466
bfs  thirdquartile_validate:    0.00240266
bfs  max_validate:              0.00246453
bfs  mean_validate:             0.00236475
bfs  stddev_validate:           0.000145719
SCALE:                          11
edgefactor:                     32
NBFS:                           64
graph_generation:               0.0254366
num_mpi_processes:              4
construction_time:              0.00417709
bfs  min_time:                  3.62396e-05
bfs  firstquartile_time:        0.000989914
bfs  median_time:               0.000997424
bfs  thirdquartile_time:        0.00100744
bfs  max_time:                  0.00104213
bfs  mean_time:                 0.00098474
bfs  stddev_time:               0.000121263
min_nedge:                      1
firstquartile_nedge:            65198
median_nedge:                   65198
thirdquartile_nedge:            65198
max_nedge:                      65198
mean_nedge:                     64179.296875
stddev_nedge:                   8149.625
bfs  min_TEPS:                  27594.1
bfs  firstquartile_TEPS:        6.46707e+07
bfs  median_TEPS:               6.53508e+07
bfs  thirdquartile_TEPS:        6.58068e+07
bfs  max_TEPS:                  6.68117e+07
bfs  harmonic_mean_TEPS:     !  1.72017e+06
bfs  harmonic_stddev_TEPS:      1.68803e+06
bfs  min_validate:              0.00126433
bfs  firstquartile_validate:    0.00235784
bfs  median_validate:           0.00238383
bfs  thirdquartile_validate:    0.0024004
bfs  max_validate:              0.00245953
bfs  mean_validate:             0.00236074
bfs  stddev_validate:           0.000142218
SCALE:                          11
edgefactor:                     32
NBFS:                           64
graph_generation:               0.0219517
num_mpi_processes:              4
construction_time:              0.00427938
bfs  min_time:                  3.38554e-05
bfs  firstquartile_time:        0.000984311
bfs  median_time:               0.000995874
bfs  thirdquartile_time:        0.00100577
bfs  max_time:                  0.00105524
bfs  mean_time:                 0.000982698
bfs  stddev_time:               0.000121559
min_nedge:                      1
firstquartile_nedge:            65198
median_nedge:                   65198
thirdquartile_nedge:            65198
max_nedge:                      65198
mean_nedge:                     64179.296875
stddev_nedge:                   8149.625
bfs  min_TEPS:                  29537.4
bfs  firstquartile_TEPS:        6.47473e+07
bfs  median_TEPS:               6.54524e+07
bfs  thirdquartile_TEPS:        6.61651e+07
bfs  max_TEPS:                  6.71398e+07
bfs  harmonic_mean_TEPS:     !  1.83805e+06
bfs  harmonic_stddev_TEPS:      1.80047e+06
bfs  min_validate:              0.00125003
bfs  firstquartile_validate:    0.00236166
bfs  median_validate:           0.00238025
bfs  thirdquartile_validate:    0.00239933
bfs  max_validate:              0.00244832
bfs  mean_validate:             0.00236097
bfs  stddev_validate:           0.00014413
SCALE:                          11
edgefactor:                     32
NBFS:                           64
graph_generation:               0.0220928
num_mpi_processes:              4
construction_time:              0.00430942
bfs  min_time:                  3.0756e-05
bfs  firstquartile_time:        0.000987291
bfs  median_time:               0.00099504
bfs  thirdquartile_time:        0.00100362
bfs  max_time:                  0.00103211
bfs  mean_time:                 0.000981953
bfs  stddev_time:               0.000121464
min_nedge:                      1
firstquartile_nedge:            65198
median_nedge:                   65198
thirdquartile_nedge:            65198
max_nedge:                      65198
mean_nedge:                     64179.296875
stddev_nedge:                   8149.625
bfs  min_TEPS:                  32514
bfs  firstquartile_TEPS:        6.48856e+07
bfs  median_TEPS:               6.54838e+07
bfs  thirdquartile_TEPS:        6.60133e+07
bfs  max_TEPS:                  6.70739e+07
bfs  harmonic_mean_TEPS:     !  2.01769e+06
bfs  harmonic_stddev_TEPS:      1.97089e+06
bfs  min_validate:              0.00126219
bfs  firstquartile_validate:    0.00235844
bfs  median_validate:           0.00238717
bfs  thirdquartile_validate:    0.00240099
bfs  max_validate:              0.00244784
bfs  mean_validate:             0.00236453
bfs  stddev_validate:           0.000142879
